void test_i_encode_decode()
(
    1,
    2,
    3
)
(
    1,
    2,
    3
)
void test_i_class_for_coder()
NSArray
void test_i_sorted_array_using_descriptors_()
()
()
void test_i_description()
(
    1,
    2,
    3
)
void test_i_components_joined_by_string_()
123
123
1VfL Bochum2VfL Bochum3
void test_c_array_with_retained_objects_count_()
(
    a,
    b,
    c
)
void test_c_array_with_objects_()
(
    whatever,
    1,
    {
        a = 1;
    },
    (
        a
    )
)
void test_c_array_with_object_()
()
(
    whatever
)
(
    1
)
(
    {
        a = 1;
    }
)
(
    (
        a
    )
)
void test_c_array()
()
void test_c_array_with_objects_count_()
()
(
    a
)
(
    a,
    b
)
(
    a,
    b,
    c
)
void test_c_array_with_array_()
()
()
(
    1,
    2,
    1848
)
void test_c_array_with_array_range_()
()
NSRangeException: range 18446744073709551615/1 doesn't fit { (nil) }
NSRangeException: range 0/18446744073709551615 doesn't fit { (nil) }
NSRangeException: range 2147483647/2147483647 doesn't fit { (nil) }
()
NSRangeException: range 18446744073709551615/1 doesn't fit { (nil) }
NSRangeException: range 0/18446744073709551615 doesn't fit { (nil) }
NSRangeException: range 2147483647/2147483647 doesn't fit { (nil) }
()
NSRangeException: range 18446744073709551615/1 doesn't fit { (nil) }
NSRangeException: range 0/18446744073709551615 doesn't fit { (nil) }
NSRangeException: range 2147483647/2147483647 doesn't fit { (nil) }
void test_i_init_with_objects_()
(
    whatever,
    1,
    {
        a = 1;
    },
    (
        a
    )
)
void test_i_contains_object_()
value is 0
value is 0
value is 0
value is 0
value is 0
void test_i_init_with_array_and_array_()
()
()
(
    1,
    2,
    1848
)
()
()
(
    1,
    2,
    1848
)
(
    1,
    2,
    1848
)
(
    1,
    2,
    1848
)
(
    1,
    2,
    1848,
    1,
    2,
    1848
)
void test_i_contains_object_in_range_()
value is YES
NSRangeException
NSRangeException
NSRangeException
value is YES
NSRangeException
NSRangeException
NSRangeException
value is YES
NSRangeException
NSRangeException
NSRangeException
value is YES
NSRangeException
NSRangeException
NSRangeException
value is YES
NSRangeException
NSRangeException
NSRangeException
void test_i_get_objects_()
void test_i_first_object_common_with_array_()
(null)
(null)
(null)
void test_i_init()
()
void test_i_array_by_adding_objects_from_array_()
()
()
(
    1,
    2,
    1848
)
void test_i_make_objects_perform_selector_()
void test_i_array_by_adding_object_()
()
(
    whatever
)
(
    1
)
(
    {
        a = 1;
    }
)
(
    (
        a
    )
)
void test_i_init_with_objects_count_()
()
(
    whatever
)
(
    whatever,
    1,
    {
        a = 1;
    },
    (
        a
    )
)
void test_i_init_with_array_and_object_()
()
(
    whatever
)
(
    1
)
(
    {
        a = 1;
    }
)
(
    (
        a
    )
)
()
(
    whatever
)
(
    1
)
(
    {
        a = 1;
    }
)
(
    (
        a
    )
)
(
    1,
    2,
    1848
)
(
    1,
    2,
    1848,
    whatever
)
(
    1,
    2,
    1848,
    1
)
(
    1,
    2,
    1848,
    {
        a = 1;
    }
)
(
    1,
    2,
    1848,
    (
        a
    )
)
void test_i_init_with_array_()
()
()
(
    1,
    2,
    1848
)
void test_i_last_object()
(null)
void test_i_init_with_array_copy_items_()
()
()
()
()
(
    1,
    2,
    1848
)
(
    1,
    2,
    1848
)
void test_i_index_of_object_identical_to_()
9223372036854775807
9223372036854775807
9223372036854775807
9223372036854775807
9223372036854775807
void test_i_init_with_array_range_()
()
NSRangeException
NSRangeException
NSRangeException
()
NSRangeException
NSRangeException
NSRangeException
()
NSRangeException
NSRangeException
NSRangeException
void test_i_index_of_object_identical_to_in_range_()
9223372036854775807
NSRangeException
NSRangeException
NSRangeException
9223372036854775807
NSRangeException
NSRangeException
NSRangeException
9223372036854775807
NSRangeException
NSRangeException
NSRangeException
9223372036854775807
NSRangeException
NSRangeException
NSRangeException
9223372036854775807
NSRangeException
NSRangeException
NSRangeException
void test_i_make_objects_perform_selector_with_object_()
void test_i_subarray_with_range_()
()
NSRangeException
NSRangeException
NSRangeException
void test_i_object_enumerator()
1
2
3
void test_i_is_equal_to_array_()
value isnot 0
value isnot 0
value is 0
void test_i_index_of_object_()
9223372036854775807
9223372036854775807
9223372036854775807
9223372036854775807
9223372036854775807
void test_i_is_equal_()
value is 0
value is 0
value is 0
value is 0
value is 0
void test_i_reverse_object_enumerator()
3
2
1
void test_i_mulle_make_objects_perform_selector_with_object_with_object_()
void test_i_hash()
6399761937749426484
void test_i__()
1
2
NSIndexException
NSIndexException
void test_i_index_of_object_in_range_()
1
9223372036854775807
1
9223372036854775807
1
NSRangeException
1
NSRangeException
NSIndexException
NSIndexException
NSIndexException
NSIndexException
NSIndexException
NSIndexException
NSIndexException
NSIndexException
NSIndexException
NSIndexException
NSIndexException
NSIndexException
NSIndexException
NSIndexException
NSIndexException
NSIndexException
void test_i_sorted_array_using_selector_()
(
    1,
    2,
    3
)
Threw a NSInvalidArgumentException exception
void test_i_mutable_copy()
(
    2,
    3,
    1
)
void test_i_description_with_locale_indent_()
(
    2,
    3,
    1
)
(
    2,
    3,
    1
)
(
    2,
    3,
    1
)
(
    2,
    3,
    1
)
(
    2,
    3,
    1
)
(
    2,
    3,
    1
)
(
    2,
    3,
    1
)
(
    2,
    3,
    1
)
void test_i_description_with_locale_()
(
    2,
    3,
    1
)
(
    2,
    3,
    1
)
